2014/09/30 15:52:22 [main.go:43] [I] 从bj.chinaskin查询到 99 条数据,成功转入订单 0 条
2014/09/30 15:52:22 [main.go:43] [I] 从dc.chinaskin查询到 99 条数据,成功转入订单 0 条
2014/09/30 15:52:23 [main.go:43] [I] 从gz.chinaskin查询到 99 条数据,成功转入订单 0 条
2014/09/30 15:52:23 [main.go:43] [I] 从bj.newchinaskin查询到 0 条数据,成功转入订单 0 条
2014/09/30 15:52:23 [main.go:43] [I] 从bj.xianyacc查询到 3 条数据,成功转入订单 0 条
2014/09/30 15:52:23 [main.go:43] [I] 从gz.newxianyacc查询到 66 条数据,成功转入订单 0 条
2014/09/30 15:52:23 [main.go:43] [I] 从gz.wingeasycom查询到 18 条数据,成功转入订单 0 条
2014/09/30 15:52:57 [main.go:43] [I] 从bj.chinaskin查询到 99 条数据,成功转入订单 0 条
2014/09/30 15:52:57 [main.go:43] [I] 从dc.chinaskin查询到 99 条数据,成功转入订单 0 条
2014/09/30 15:52:57 [main.go:43] [I] 从gz.chinaskin查询到 99 条数据,成功转入订单 0 条
2014/09/30 15:52:57 [main.go:43] [I] 从bj.newchinaskin查询到 0 条数据,成功转入订单 0 条
2014/09/30 15:52:57 [main.go:43] [I] 从bj.xianyacc查询到 3 条数据,成功转入订单 0 条
2014/09/30 15:52:57 [main.go:43] [I] 从gz.newxianyacc查询到 66 条数据,成功转入订单 0 条
2014/09/30 15:52:57 [main.go:43] [I] 从gz.wingeasycom查询到 18 条数据,成功转入订单 0 条
2014/09/30 15:55:27 [main.go:43] [I] 从bj.chinaskin查询到 99 条数据,成功转入订单 0 条
2014/09/30 15:55:27 [main.go:43] [I] 从dc.chinaskin查询到 99 条数据,成功转入订单 0 条
2014/09/30 15:55:27 [main.go:43] [I] 从gz.chinaskin查询到 99 条数据,成功转入订单 0 条
2014/09/30 15:55:27 [main.go:43] [I] 从bj.newchinaskin查询到 0 条数据,成功转入订单 0 条
2014/09/30 15:55:27 [main.go:43] [I] 从bj.xianyacc查询到 3 条数据,成功转入订单 0 条
2014/09/30 15:55:27 [main.go:43] [I] 从gz.newxianyacc查询到 66 条数据,成功转入订单 0 条
2014/09/30 15:55:27 [main.go:43] [I] 从gz.wingeasycom查询到 18 条数据,成功转入订单 0 条
2014/09/30 15:57:07 [main.go:43] [I] 从 bj.chinaskin 查询到 99 条数据,成功转入订单 0 条
2014/09/30 15:57:07 [main.go:43] [I] 从 dc.chinaskin 查询到 99 条数据,成功转入订单 0 条
2014/09/30 15:57:07 [main.go:43] [I] 从 gz.chinaskin 查询到 99 条数据,成功转入订单 0 条
2014/09/30 15:57:07 [main.go:43] [I] 从 bj.newchinaskin 查询到 0 条数据,成功转入订单 0 条
2014/09/30 15:57:07 [main.go:43] [I] 从 bj.xianyacc 查询到 3 条数据,成功转入订单 0 条
2014/09/30 15:57:07 [main.go:43] [I] 从 gz.newxianyacc 查询到 66 条数据,成功转入订单 0 条
2014/09/30 15:57:07 [main.go:43] [I] 从 gz.wingeasycom 查询到 18 条数据,成功转入订单 0 条
2014/09/30 16:10:32 [main.go:43] [I] 从 bj.chinaskin 查询到 99 条数据,成功转入订单 0 条
2014/09/30 16:10:32 [main.go:43] [I] 从 dc.chinaskin 查询到 99 条数据,成功转入订单 0 条
2014/09/30 16:10:33 [main.go:43] [I] 从 gz.chinaskin 查询到 99 条数据,成功转入订单 0 条
2014/09/30 16:10:33 [main.go:43] [I] 从 bj.newchinaskin 查询到 0 条数据,成功转入订单 0 条
2014/09/30 16:10:33 [main.go:43] [I] 从 bj.xianyacc 查询到 3 条数据,成功转入订单 0 条
2014/09/30 16:10:33 [main.go:43] [I] 从 gz.newxianyacc 查询到 66 条数据,成功转入订单 0 条
2014/09/30 16:10:33 [main.go:43] [I] 从 gz.wingeasycom 查询到 18 条数据,成功转入订单 0 条
2014/09/30 16:13:35 [main.go:43] [I] 从 bj.chinaskin 查询到 63 条数据,成功转入订单 0 条
2014/09/30 16:13:35 [main.go:43] [I] 从 dc.chinaskin 查询到 63 条数据,成功转入订单 0 条
2014/09/30 16:13:35 [main.go:43] [I] 从 gz.chinaskin 查询到 63 条数据,成功转入订单 0 条
2014/09/30 16:13:35 [main.go:43] [I] 从 bj.newchinaskin 查询到 0 条数据,成功转入订单 0 条
2014/09/30 16:13:35 [main.go:43] [I] 从 bj.xianyacc 查询到 0 条数据,成功转入订单 0 条
2014/09/30 16:13:36 [main.go:43] [I] 从 gz.newxianyacc 查询到 14 条数据,成功转入订单 0 条
2014/09/30 16:13:36 [main.go:43] [I] 从 gz.wingeasycom 查询到 10 条数据,成功转入订单 0 条
2014/09/30 16:26:15 [main.go:43] [I] 从 bj.chinaskin 查询到 63 条数据,成功转入订单 0 条
2014/09/30 16:26:15 [main.go:43] [I] 从 dc.chinaskin 查询到 63 条数据,成功转入订单 0 条
2014/09/30 16:26:15 [main.go:43] [I] 从 gz.chinaskin 查询到 63 条数据,成功转入订单 0 条
2014/09/30 16:26:15 [main.go:43] [I] 从 bj.newchinaskin 查询到 0 条数据,成功转入订单 0 条
2014/09/30 16:26:15 [main.go:43] [I] 从 bj.xianyacc 查询到 0 条数据,成功转入订单 0 条
2014/09/30 16:26:15 [main.go:43] [I] 从 gz.newxianyacc 查询到 14 条数据,成功转入订单 0 条
2014/09/30 16:26:15 [main.go:43] [I] 从 gz.wingeasycom 查询到 10 条数据,成功转入订单 0 条
2014/09/30 16:26:52 [main.go:43] [I] 从 bj.chinaskin 查询到 63 条数据,成功转入订单 0 条
2014/09/30 16:26:52 [main.go:43] [I] 从 dc.chinaskin 查询到 63 条数据,成功转入订单 0 条
2014/09/30 16:26:52 [main.go:43] [I] 从 gz.chinaskin 查询到 63 条数据,成功转入订单 0 条
2014/09/30 16:26:52 [main.go:43] [I] 从 bj.newchinaskin 查询到 0 条数据,成功转入订单 0 条
2014/09/30 16:26:52 [main.go:43] [I] 从 bj.xianyacc 查询到 0 条数据,成功转入订单 0 条
2014/09/30 16:26:52 [main.go:43] [I] 从 gz.newxianyacc 查询到 14 条数据,成功转入订单 0 条
2014/09/30 16:26:52 [main.go:43] [I] 从 gz.wingeasycom 查询到 10 条数据,成功转入订单 0 条
2014/09/30 16:28:08 [main.go:43] [I] 从 bj.chinaskin 查询到 63 条数据,成功转入订单 0 条
2014/09/30 16:28:08 [main.go:43] [I] 从 dc.chinaskin 查询到 63 条数据,成功转入订单 0 条
2014/09/30 16:28:08 [main.go:43] [I] 从 gz.chinaskin 查询到 63 条数据,成功转入订单 0 条
2014/09/30 16:28:08 [main.go:43] [I] 从 bj.newchinaskin 查询到 0 条数据,成功转入订单 0 条
2014/09/30 16:28:08 [main.go:43] [I] 从 bj.xianyacc 查询到 0 条数据,成功转入订单 0 条
2014/09/30 16:28:08 [main.go:43] [I] 从 gz.newxianyacc 查询到 14 条数据,成功转入订单 0 条
2014/09/30 16:28:08 [main.go:43] [I] 从 gz.wingeasycom 查询到 10 条数据,成功转入订单 0 条
2014/09/30 16:28:29 [main.go:43] [I] 从 bj.chinaskin 查询到 63 条数据,成功转入订单 0 条
2014/09/30 16:28:29 [main.go:43] [I] 从 dc.chinaskin 查询到 63 条数据,成功转入订单 0 条
2014/09/30 16:28:29 [main.go:43] [I] 从 gz.chinaskin 查询到 63 条数据,成功转入订单 0 条
2014/09/30 16:28:29 [main.go:43] [I] 从 bj.newchinaskin 查询到 0 条数据,成功转入订单 0 条
2014/09/30 16:28:29 [main.go:43] [I] 从 bj.xianyacc 查询到 0 条数据,成功转入订单 0 条
2014/09/30 16:28:29 [main.go:43] [I] 从 gz.newxianyacc 查询到 14 条数据,成功转入订单 0 条
2014/09/30 16:28:29 [main.go:43] [I] 从 gz.wingeasycom 查询到 10 条数据,成功转入订单 0 条
2014/09/30 16:29:14 [main.go:43] [I] 从 bj.chinaskin 查询到 63 条数据,成功转入订单 0 条
2014/09/30 16:29:14 [main.go:43] [I] 从 dc.chinaskin 查询到 63 条数据,成功转入订单 0 条
2014/09/30 16:29:14 [main.go:43] [I] 从 gz.chinaskin 查询到 63 条数据,成功转入订单 0 条
2014/09/30 16:29:14 [main.go:43] [I] 从 bj.newchinaskin 查询到 0 条数据,成功转入订单 0 条
2014/09/30 16:29:14 [main.go:43] [I] 从 bj.xianyacc 查询到 0 条数据,成功转入订单 0 条
2014/09/30 16:29:14 [main.go:43] [I] 从 gz.newxianyacc 查询到 14 条数据,成功转入订单 0 条
2014/09/30 16:29:14 [main.go:43] [I] 从 gz.wingeasycom 查询到 10 条数据,成功转入订单 0 条
